<?xml version="1.0" encoding="UTF-8"?>
<!-- Generated by org.testng.reporters.JUnitReportReporter -->
<testsuite hostname="UNKNOWN" failures="0" tests="2" name="test_Scripts.RahulShetty" time="46.582" errors="0" timestamp="26 Sep 2022 21:49:26 GMT" skipped="0">
  <testcase classname="test_Scripts.RahulShetty" name="validationOrder" time="21.468"/>
  <testcase classname="test_Scripts.RahulShetty" name="submitOrder" time="25.114"/>
</testsuite> <!-- test_Scripts.RahulShetty -->
